<!DOCTYPE html PUBLIC "-//W3C//DTD XHTML 1.1//EN" "http://www.w3.org/TR/xhtml11/DTD/xhtml11.dtd">
<html xmlns="http://www.w3.org/1999/xhtml">
<head>
<meta http-equiv="content-type" content="text/html; charset=UTF-8"/>
<title>TestNG Report</title>
<style type="text/css">table {margin-bottom:10px;border-collapse:collapse;empty-cells:show}th,td {border:1px solid #009;padding:.25em .5em}th {vertical-align:bottom}td {vertical-align:top}table a {font-weight:bold}.stripe td {background-color: #E6EBF9}.num {text-align:right}.passedodd td {background-color: #3F3}.passedeven td {background-color: #0A0}.skippedodd td {background-color: #DDD}.skippedeven td {background-color: #CCC}.failedodd td,.attn {background-color: #F33}.failedeven td,.stripe .attn {background-color: #D00}.stacktrace {white-space:pre;font-family:monospace}.totop {font-size:85%;text-align:center;border-bottom:2px solid #000}.invisible {display:none}</style>
</head>
<body>
<table>
<tr><th>Test</th><th># Passed</th><th># Skipped</th><th># Failed</th><th>Time (ms)</th><th>Included Groups</th><th>Excluded Groups</th></tr>
<tr><th colspan="7">Suite</th></tr>
<tr><td><a href="#t0">Register</a></td><td class="num">0</td><td class="num attn">1</td><td class="num">0</td><td class="num">69,378</td><td></td><td></td></tr>
<tr class="stripe"><td><a href="#t1">FaceBook</a></td><td class="num">0</td><td class="num attn">1</td><td class="num">0</td><td class="num">31</td><td></td><td></td></tr>
<tr><td><a href="#t2">LinkedIn</a></td><td class="num">0</td><td class="num attn">1</td><td class="num">0</td><td class="num">20</td><td></td><td></td></tr>
<tr class="stripe"><td><a href="#t3">YouTube</a></td><td class="num">0</td><td class="num attn">1</td><td class="num">0</td><td class="num">31</td><td></td><td></td></tr>
<tr><td><a href="#t4">GooglePlus</a></td><td class="num">0</td><td class="num attn">1</td><td class="num">0</td><td class="num">18</td><td></td><td></td></tr>
<tr class="stripe"><td><a href="#t5">Twitter</a></td><td class="num">0</td><td class="num attn">1</td><td class="num">0</td><td class="num">14</td><td></td><td></td></tr>
<tr><th>Total</th><th class="num">0</th><th class="num attn">6</th><th class="num">0</th><th class="num">69,492</th><th colspan="2"></th></tr>
</table>
<table id='summary'><thead><tr><th>Class</th><th>Method</th><th>Start</th><th>Time (ms)</th></tr></thead><tbody><tr><th colspan="4">Suite</th></tr></tbody><tbody id="t0"><tr><th colspan="4">Register &#8212; failed (configuration methods)</th></tr><tr class="failedeven"><td rowspan="1">com.atmecs.demoautomation.RegisterTest</td><td><a href="#m0">beforeClass</a></td><td rowspan="1">1600750114121</td><td rowspan="1">69289</td></tr><tr><th colspan="4">Register &#8212; skipped (configuration methods)</th></tr><tr class="skippedeven"><td rowspan="1">com.atmecs.demoautomation.RegisterTest</td><td><a href="#m1">afterTest</a></td><td rowspan="1">1600750183471</td><td rowspan="1">0</td></tr><tr><th colspan="4">Register &#8212; skipped</th></tr><tr class="skippedeven"><td rowspan="1">com.atmecs.demoautomation.RegisterTest</td><td><a href="#m2">register</a></td><td rowspan="1">1600750183461</td><td rowspan="1">0</td></tr></tbody>
<tbody id="t1"><tr><th colspan="4">FaceBook &#8212; failed (configuration methods)</th></tr><tr class="failedeven"><td rowspan="1">com.atmecs.demoautomation.FaceBookTest</td><td><a href="#m3">beforeTest</a></td><td rowspan="1">1600750183576</td><td rowspan="1">10</td></tr><tr><th colspan="4">FaceBook &#8212; skipped (configuration methods)</th></tr><tr class="skippedeven"><td rowspan="2">com.atmecs.demoautomation.FaceBookTest</td><td><a href="#m4">afterTest</a></td><td rowspan="1">1600750183602</td><td rowspan="1">0</td></tr><tr class="skippedeven"><td><a href="#m5">beforeClass</a></td><td rowspan="1">1600750183596</td><td rowspan="1">0</td></tr><tr><th colspan="4">FaceBook &#8212; skipped</th></tr><tr class="skippedeven"><td rowspan="1">com.atmecs.demoautomation.FaceBookTest</td><td><a href="#m6">faceBook</a></td><td rowspan="1">1600750183600</td><td rowspan="1">0</td></tr></tbody>
<tbody id="t2"><tr><th colspan="4">LinkedIn &#8212; failed (configuration methods)</th></tr><tr class="failedeven"><td rowspan="1">com.atmecs.demoautomation.LinkedInTest</td><td><a href="#m7">beforeTest</a></td><td rowspan="1">1600750183627</td><td rowspan="1">1</td></tr><tr><th colspan="4">LinkedIn &#8212; skipped (configuration methods)</th></tr><tr class="skippedeven"><td rowspan="2">com.atmecs.demoautomation.LinkedInTest</td><td><a href="#m8">afterTest</a></td><td rowspan="1">1600750183641</td><td rowspan="1">0</td></tr><tr class="skippedeven"><td><a href="#m9">beforeClass</a></td><td rowspan="1">1600750183635</td><td rowspan="1">0</td></tr><tr><th colspan="4">LinkedIn &#8212; skipped</th></tr><tr class="skippedeven"><td rowspan="1">com.atmecs.demoautomation.LinkedInTest</td><td><a href="#m10">linkedIn</a></td><td rowspan="1">1600750183638</td><td rowspan="1">0</td></tr></tbody>
<tbody id="t3"><tr><th colspan="4">YouTube &#8212; failed (configuration methods)</th></tr><tr class="failedeven"><td rowspan="1">com.atmecs.demoautomation.YouTubeTest</td><td><a href="#m11">beforeTest</a></td><td rowspan="1">1600750183662</td><td rowspan="1">1</td></tr><tr><th colspan="4">YouTube &#8212; skipped (configuration methods)</th></tr><tr class="skippedeven"><td rowspan="2">com.atmecs.demoautomation.YouTubeTest</td><td><a href="#m12">afterTest</a></td><td rowspan="1">1600750183690</td><td rowspan="1">0</td></tr><tr class="skippedeven"><td><a href="#m13">beforeClass</a></td><td rowspan="1">1600750183668</td><td rowspan="1">0</td></tr><tr><th colspan="4">YouTube &#8212; skipped</th></tr><tr class="skippedeven"><td rowspan="1">com.atmecs.demoautomation.YouTubeTest</td><td><a href="#m14">youTube</a></td><td rowspan="1">1600750183681</td><td rowspan="1">0</td></tr></tbody>
<tbody id="t4"><tr><th colspan="4">GooglePlus &#8212; failed (configuration methods)</th></tr><tr class="failedeven"><td rowspan="1">com.atmecs.demoautomation.GooglePlusTest</td><td><a href="#m15">beforeTest</a></td><td rowspan="1">1600750183714</td><td rowspan="1">1</td></tr><tr><th colspan="4">GooglePlus &#8212; skipped (configuration methods)</th></tr><tr class="skippedeven"><td rowspan="2">com.atmecs.demoautomation.GooglePlusTest</td><td><a href="#m16">afterTest</a></td><td rowspan="1">1600750183728</td><td rowspan="1">0</td></tr><tr class="skippedeven"><td><a href="#m17">beforeClass</a></td><td rowspan="1">1600750183722</td><td rowspan="1">0</td></tr><tr><th colspan="4">GooglePlus &#8212; skipped</th></tr><tr class="skippedeven"><td rowspan="1">com.atmecs.demoautomation.GooglePlusTest</td><td><a href="#m18">googlePlus</a></td><td rowspan="1">1600750183725</td><td rowspan="1">0</td></tr></tbody>
<tbody id="t5"><tr><th colspan="4">Twitter &#8212; failed (configuration methods)</th></tr><tr class="failedeven"><td rowspan="1">com.atmecs.demoautomation.TwitterTest</td><td><a href="#m19">beforeTest</a></td><td rowspan="1">1600750183750</td><td rowspan="1">2</td></tr><tr><th colspan="4">Twitter &#8212; skipped (configuration methods)</th></tr><tr class="skippedeven"><td rowspan="2">com.atmecs.demoautomation.TwitterTest</td><td><a href="#m20">afterTest</a></td><td rowspan="1">1600750183762</td><td rowspan="1">0</td></tr><tr class="skippedeven"><td><a href="#m21">beforeClass</a></td><td rowspan="1">1600750183756</td><td rowspan="1">0</td></tr><tr><th colspan="4">Twitter &#8212; skipped</th></tr><tr class="skippedeven"><td rowspan="1">com.atmecs.demoautomation.TwitterTest</td><td><a href="#m22">twitter</a></td><td rowspan="1">1600750183760</td><td rowspan="1">0</td></tr></tbody>
</table>
<h2>Register</h2><h3 id="m0">com.atmecs.demoautomation.RegisterTest#beforeClass</h3><table class="result"><tr><th>Exception</th></tr><tr><td><div class="stacktrace">org.openqa.selenium.NoSuchWindowException: no such window: target window already closed
from unknown error: web view not found
  (Session info: chrome=85.0.4183.102)
Build info: version: &apos;3.141.59&apos;, revision: &apos;e82be7d358&apos;, time: &apos;2018-11-14T08:17:03&apos;
System info: host: &apos;ATMECSBLRLT-036&apos;, ip: &apos;192.168.43.99&apos;, os.name: &apos;Windows 10&apos;, os.arch: &apos;amd64&apos;, os.version: &apos;10.0&apos;, java.version: &apos;12.0.2&apos;
Driver info: org.openqa.selenium.chrome.ChromeDriver
Capabilities {acceptInsecureCerts: false, browserName: chrome, browserVersion: 85.0.4183.102, chrome: {chromedriverVersion: 85.0.4183.87 (cd6713ebf92fa..., userDataDir: C:\Users\PADMAP~1.I\AppData...}, goog:chromeOptions: {debuggerAddress: localhost:62600}, javascriptEnabled: true, networkConnectionEnabled: false, pageLoadStrategy: normal, platform: WINDOWS, platformName: WINDOWS, proxy: Proxy(), setWindowRect: true, strictFileInteractability: false, timeouts: {implicit: 0, pageLoad: 300000, script: 30000}, unhandledPromptBehavior: dismiss and notify, webauthn:virtualAuthenticators: true}
Session ID: 207799e3ec46577af62363c7b2d45787
	at org.openqa.selenium.remote.http.W3CHttpResponseCodec.createException(W3CHttpResponseCodec.java:187)
	at org.openqa.selenium.remote.http.W3CHttpResponseCodec.decode(W3CHttpResponseCodec.java:122)
	at org.openqa.selenium.remote.http.W3CHttpResponseCodec.decode(W3CHttpResponseCodec.java:49)
	at org.openqa.selenium.remote.HttpCommandExecutor.execute(HttpCommandExecutor.java:158)
	at org.openqa.selenium.remote.service.DriverCommandExecutor.execute(DriverCommandExecutor.java:83)
	at org.openqa.selenium.remote.RemoteWebDriver.execute(RemoteWebDriver.java:552)
	at org.openqa.selenium.remote.RemoteWebDriver.execute(RemoteWebDriver.java:609)
	at org.openqa.selenium.remote.RemoteWebDriver$RemoteWebDriverOptions$RemoteWindow.maximize(RemoteWebDriver.java:837)
	at com.atmecs.demoautomation.RegisterTest.beforeClass(RegisterTest.java:43)
... Removed 31 stack frames</div></td></tr></table><p class="totop"><a href="#summary">back to summary</a></p>
<h3 id="m1">com.atmecs.demoautomation.RegisterTest#afterTest</h3><table class="result"><tr><th class="invisible"/></tr></table><p class="totop"><a href="#summary">back to summary</a></p>
<h3 id="m2">com.atmecs.demoautomation.RegisterTest#register</h3><table class="result"><tr><th>Exception</th></tr><tr><td><div class="stacktrace">org.openqa.selenium.NoSuchWindowException: no such window: target window already closed
from unknown error: web view not found
  (Session info: chrome=85.0.4183.102)
Build info: version: &apos;3.141.59&apos;, revision: &apos;e82be7d358&apos;, time: &apos;2018-11-14T08:17:03&apos;
System info: host: &apos;ATMECSBLRLT-036&apos;, ip: &apos;192.168.43.99&apos;, os.name: &apos;Windows 10&apos;, os.arch: &apos;amd64&apos;, os.version: &apos;10.0&apos;, java.version: &apos;12.0.2&apos;
Driver info: org.openqa.selenium.chrome.ChromeDriver
Capabilities {acceptInsecureCerts: false, browserName: chrome, browserVersion: 85.0.4183.102, chrome: {chromedriverVersion: 85.0.4183.87 (cd6713ebf92fa..., userDataDir: C:\Users\PADMAP~1.I\AppData...}, goog:chromeOptions: {debuggerAddress: localhost:62600}, javascriptEnabled: true, networkConnectionEnabled: false, pageLoadStrategy: normal, platform: WINDOWS, platformName: WINDOWS, proxy: Proxy(), setWindowRect: true, strictFileInteractability: false, timeouts: {implicit: 0, pageLoad: 300000, script: 30000}, unhandledPromptBehavior: dismiss and notify, webauthn:virtualAuthenticators: true}
Session ID: 207799e3ec46577af62363c7b2d45787
	at org.openqa.selenium.remote.http.W3CHttpResponseCodec.createException(W3CHttpResponseCodec.java:187)
	at org.openqa.selenium.remote.http.W3CHttpResponseCodec.decode(W3CHttpResponseCodec.java:122)
	at org.openqa.selenium.remote.http.W3CHttpResponseCodec.decode(W3CHttpResponseCodec.java:49)
	at org.openqa.selenium.remote.HttpCommandExecutor.execute(HttpCommandExecutor.java:158)
	at org.openqa.selenium.remote.service.DriverCommandExecutor.execute(DriverCommandExecutor.java:83)
	at org.openqa.selenium.remote.RemoteWebDriver.execute(RemoteWebDriver.java:552)
	at org.openqa.selenium.remote.RemoteWebDriver.execute(RemoteWebDriver.java:609)
	at org.openqa.selenium.remote.RemoteWebDriver$RemoteWebDriverOptions$RemoteWindow.maximize(RemoteWebDriver.java:837)
	at com.atmecs.demoautomation.RegisterTest.beforeClass(RegisterTest.java:43)
... Removed 31 stack frames</div></td></tr></table><p class="totop"><a href="#summary">back to summary</a></p>
<h2>FaceBook</h2><h3 id="m3">com.atmecs.demoautomation.FaceBookTest#beforeTest</h3><table class="result"><tr><th>Exception</th></tr><tr><td><div class="stacktrace">java.io.FileNotFoundException: \chromedriver.exe\src\main\resources\locators\locators.properties (The system cannot find the path specified)
	at java.base/java.io.FileInputStream.open0(Native Method)
	at java.base/java.io.FileInputStream.open(FileInputStream.java:213)
	at java.base/java.io.FileInputStream.&lt;init&gt;(FileInputStream.java:155)
	at java.base/java.io.FileInputStream.&lt;init&gt;(FileInputStream.java:110)
	at com.atmecs.demoautomation.FaceBookTest.beforeTest(FaceBookTest.java:24)
... Removed 24 stack frames</div></td></tr></table><p class="totop"><a href="#summary">back to summary</a></p>
<h3 id="m4">com.atmecs.demoautomation.FaceBookTest#afterTest</h3><table class="result"><tr><th class="invisible"/></tr></table><p class="totop"><a href="#summary">back to summary</a></p>
<h3 id="m5">com.atmecs.demoautomation.FaceBookTest#beforeClass</h3><table class="result"><tr><th class="invisible"/></tr></table><p class="totop"><a href="#summary">back to summary</a></p>
<h3 id="m6">com.atmecs.demoautomation.FaceBookTest#faceBook</h3><table class="result"><tr><th>Exception</th></tr><tr><td><div class="stacktrace">java.io.FileNotFoundException: \chromedriver.exe\src\main\resources\locators\locators.properties (The system cannot find the path specified)
	at java.base/java.io.FileInputStream.open0(Native Method)
	at java.base/java.io.FileInputStream.open(FileInputStream.java:213)
	at java.base/java.io.FileInputStream.&lt;init&gt;(FileInputStream.java:155)
	at java.base/java.io.FileInputStream.&lt;init&gt;(FileInputStream.java:110)
	at com.atmecs.demoautomation.FaceBookTest.beforeTest(FaceBookTest.java:24)
... Removed 24 stack frames</div></td></tr></table><p class="totop"><a href="#summary">back to summary</a></p>
<h2>LinkedIn</h2><h3 id="m7">com.atmecs.demoautomation.LinkedInTest#beforeTest</h3><table class="result"><tr><th>Exception</th></tr><tr><td><div class="stacktrace">java.io.FileNotFoundException: \chromedriver.exe\src\main\resources\locators\locators.properties (The system cannot find the path specified)
	at java.base/java.io.FileInputStream.open0(Native Method)
	at java.base/java.io.FileInputStream.open(FileInputStream.java:213)
	at java.base/java.io.FileInputStream.&lt;init&gt;(FileInputStream.java:155)
	at java.base/java.io.FileInputStream.&lt;init&gt;(FileInputStream.java:110)
	at com.atmecs.demoautomation.LinkedInTest.beforeTest(LinkedInTest.java:22)
... Removed 24 stack frames</div></td></tr></table><p class="totop"><a href="#summary">back to summary</a></p>
<h3 id="m8">com.atmecs.demoautomation.LinkedInTest#afterTest</h3><table class="result"><tr><th class="invisible"/></tr></table><p class="totop"><a href="#summary">back to summary</a></p>
<h3 id="m9">com.atmecs.demoautomation.LinkedInTest#beforeClass</h3><table class="result"><tr><th class="invisible"/></tr></table><p class="totop"><a href="#summary">back to summary</a></p>
<h3 id="m10">com.atmecs.demoautomation.LinkedInTest#linkedIn</h3><table class="result"><tr><th>Exception</th></tr><tr><td><div class="stacktrace">java.io.FileNotFoundException: \chromedriver.exe\src\main\resources\locators\locators.properties (The system cannot find the path specified)
	at java.base/java.io.FileInputStream.open0(Native Method)
	at java.base/java.io.FileInputStream.open(FileInputStream.java:213)
	at java.base/java.io.FileInputStream.&lt;init&gt;(FileInputStream.java:155)
	at java.base/java.io.FileInputStream.&lt;init&gt;(FileInputStream.java:110)
	at com.atmecs.demoautomation.LinkedInTest.beforeTest(LinkedInTest.java:22)
... Removed 24 stack frames</div></td></tr></table><p class="totop"><a href="#summary">back to summary</a></p>
<h2>YouTube</h2><h3 id="m11">com.atmecs.demoautomation.YouTubeTest#beforeTest</h3><table class="result"><tr><th>Exception</th></tr><tr><td><div class="stacktrace">java.io.FileNotFoundException: \chromedriver.exe\src\main\resources\locators\locators.properties (The system cannot find the path specified)
	at java.base/java.io.FileInputStream.open0(Native Method)
	at java.base/java.io.FileInputStream.open(FileInputStream.java:213)
	at java.base/java.io.FileInputStream.&lt;init&gt;(FileInputStream.java:155)
	at java.base/java.io.FileInputStream.&lt;init&gt;(FileInputStream.java:110)
	at com.atmecs.demoautomation.YouTubeTest.beforeTest(YouTubeTest.java:24)
... Removed 24 stack frames</div></td></tr></table><p class="totop"><a href="#summary">back to summary</a></p>
<h3 id="m12">com.atmecs.demoautomation.YouTubeTest#afterTest</h3><table class="result"><tr><th class="invisible"/></tr></table><p class="totop"><a href="#summary">back to summary</a></p>
<h3 id="m13">com.atmecs.demoautomation.YouTubeTest#beforeClass</h3><table class="result"><tr><th class="invisible"/></tr></table><p class="totop"><a href="#summary">back to summary</a></p>
<h3 id="m14">com.atmecs.demoautomation.YouTubeTest#youTube</h3><table class="result"><tr><th>Exception</th></tr><tr><td><div class="stacktrace">java.io.FileNotFoundException: \chromedriver.exe\src\main\resources\locators\locators.properties (The system cannot find the path specified)
	at java.base/java.io.FileInputStream.open0(Native Method)
	at java.base/java.io.FileInputStream.open(FileInputStream.java:213)
	at java.base/java.io.FileInputStream.&lt;init&gt;(FileInputStream.java:155)
	at java.base/java.io.FileInputStream.&lt;init&gt;(FileInputStream.java:110)
	at com.atmecs.demoautomation.YouTubeTest.beforeTest(YouTubeTest.java:24)
... Removed 24 stack frames</div></td></tr></table><p class="totop"><a href="#summary">back to summary</a></p>
<h2>GooglePlus</h2><h3 id="m15">com.atmecs.demoautomation.GooglePlusTest#beforeTest</h3><table class="result"><tr><th>Exception</th></tr><tr><td><div class="stacktrace">java.io.FileNotFoundException: \chromedriver.exe\src\main\resources\locators\locators.properties (The system cannot find the path specified)
	at java.base/java.io.FileInputStream.open0(Native Method)
	at java.base/java.io.FileInputStream.open(FileInputStream.java:213)
	at java.base/java.io.FileInputStream.&lt;init&gt;(FileInputStream.java:155)
	at java.base/java.io.FileInputStream.&lt;init&gt;(FileInputStream.java:110)
	at com.atmecs.demoautomation.GooglePlusTest.beforeTest(GooglePlusTest.java:23)
... Removed 24 stack frames</div></td></tr></table><p class="totop"><a href="#summary">back to summary</a></p>
<h3 id="m16">com.atmecs.demoautomation.GooglePlusTest#afterTest</h3><table class="result"><tr><th class="invisible"/></tr></table><p class="totop"><a href="#summary">back to summary</a></p>
<h3 id="m17">com.atmecs.demoautomation.GooglePlusTest#beforeClass</h3><table class="result"><tr><th class="invisible"/></tr></table><p class="totop"><a href="#summary">back to summary</a></p>
<h3 id="m18">com.atmecs.demoautomation.GooglePlusTest#googlePlus</h3><table class="result"><tr><th>Exception</th></tr><tr><td><div class="stacktrace">java.io.FileNotFoundException: \chromedriver.exe\src\main\resources\locators\locators.properties (The system cannot find the path specified)
	at java.base/java.io.FileInputStream.open0(Native Method)
	at java.base/java.io.FileInputStream.open(FileInputStream.java:213)
	at java.base/java.io.FileInputStream.&lt;init&gt;(FileInputStream.java:155)
	at java.base/java.io.FileInputStream.&lt;init&gt;(FileInputStream.java:110)
	at com.atmecs.demoautomation.GooglePlusTest.beforeTest(GooglePlusTest.java:23)
... Removed 24 stack frames</div></td></tr></table><p class="totop"><a href="#summary">back to summary</a></p>
<h2>Twitter</h2><h3 id="m19">com.atmecs.demoautomation.TwitterTest#beforeTest</h3><table class="result"><tr><th>Exception</th></tr><tr><td><div class="stacktrace">java.io.FileNotFoundException: \chromedriver.exe\src\test\java\com\atmecs\selenium\RegisterLocators.properties (The system cannot find the path specified)
	at java.base/java.io.FileInputStream.open0(Native Method)
	at java.base/java.io.FileInputStream.open(FileInputStream.java:213)
	at java.base/java.io.FileInputStream.&lt;init&gt;(FileInputStream.java:155)
	at java.base/java.io.FileInputStream.&lt;init&gt;(FileInputStream.java:110)
	at com.atmecs.demoautomation.TwitterTest.beforeTest(TwitterTest.java:21)
... Removed 24 stack frames</div></td></tr></table><p class="totop"><a href="#summary">back to summary</a></p>
<h3 id="m20">com.atmecs.demoautomation.TwitterTest#afterTest</h3><table class="result"><tr><th class="invisible"/></tr></table><p class="totop"><a href="#summary">back to summary</a></p>
<h3 id="m21">com.atmecs.demoautomation.TwitterTest#beforeClass</h3><table class="result"><tr><th class="invisible"/></tr></table><p class="totop"><a href="#summary">back to summary</a></p>
<h3 id="m22">com.atmecs.demoautomation.TwitterTest#twitter</h3><table class="result"><tr><th>Exception</th></tr><tr><td><div class="stacktrace">java.io.FileNotFoundException: \chromedriver.exe\src\test\java\com\atmecs\selenium\RegisterLocators.properties (The system cannot find the path specified)
	at java.base/java.io.FileInputStream.open0(Native Method)
	at java.base/java.io.FileInputStream.open(FileInputStream.java:213)
	at java.base/java.io.FileInputStream.&lt;init&gt;(FileInputStream.java:155)
	at java.base/java.io.FileInputStream.&lt;init&gt;(FileInputStream.java:110)
	at com.atmecs.demoautomation.TwitterTest.beforeTest(TwitterTest.java:21)
... Removed 24 stack frames</div></td></tr></table><p class="totop"><a href="#summary">back to summary</a></p>
</body>
</html>
