<?xml version="1.0" encoding="UTF-8"?>
<!-- Generated by org.testng.reporters.JUnitXMLReporter -->
<testsuite ignored="0" hostname="ATMECSBLRLT-036" failures="0" tests="1" name="booking" time="2.535" errors="0" timestamp="22 Sep 2020 04:48:07 GMT">
  <testcase classname="com.atmecs.goibibo.BookingTest" name="@BeforeMethod beforeMethod" time="2.526">
    <failure type="java.io.FileNotFoundException" message="\chromedriver.exe (The system cannot find the file specified)">
      <![CDATA[java.io.FileNotFoundException: \chromedriver.exe (The system cannot find the file specified)
at java.base/java.io.FileInputStream.open0(Native Method)
at java.base/java.io.FileInputStream.open(FileInputStream.java:213)
at java.base/java.io.FileInputStream.<init>(FileInputStream.java:155)
at java.base/java.io.FileInputStream.<init>(FileInputStream.java:110)
at com.atmecs.goibibo.BookingTest.beforeMethod(BookingTest.java:37)
... Removed 28 stack frames]]>
    </failure>
  </testcase> <!-- @BeforeMethod beforeMethod -->
  <testcase classname="com.atmecs.goibibo.BookingTest" name="@AfterMethod afterMethod" time="0.0">
    <skipped/>
  </testcase> <!-- @AfterMethod afterMethod -->
  <testcase classname="com.atmecs.goibibo.BookingTest" name="@AfterTest afterTest" time="0.0">
    <skipped/>
  </testcase> <!-- @AfterTest afterTest -->
  <testcase classname="com.atmecs.goibibo.BookingTest" name="signup" time="0.0">
    <skipped/>
  </testcase> <!-- signup -->
</testsuite> <!-- booking -->
