<!DOCTYPE html PUBLIC "-//W3C//DTD XHTML 1.1//EN" "http://www.w3.org/TR/xhtml11/DTD/xhtml11.dtd">
<html xmlns="http://www.w3.org/1999/xhtml">
<head>
<meta http-equiv="content-type" content="text/html; charset=UTF-8"/>
<title>TestNG Report</title>
<style type="text/css">table {margin-bottom:10px;border-collapse:collapse;empty-cells:show}th,td {border:1px solid #009;padding:.25em .5em}th {vertical-align:bottom}td {vertical-align:top}table a {font-weight:bold}.stripe td {background-color: #E6EBF9}.num {text-align:right}.passedodd td {background-color: #3F3}.passedeven td {background-color: #0A0}.skippedodd td {background-color: #DDD}.skippedeven td {background-color: #CCC}.failedodd td,.attn {background-color: #F33}.failedeven td,.stripe .attn {background-color: #D00}.stacktrace {white-space:pre;font-family:monospace}.totop {font-size:85%;text-align:center;border-bottom:2px solid #000}.invisible {display:none}</style>
</head>
<body>
<table>
<tr><th>Test</th><th># Passed</th><th># Skipped</th><th># Failed</th><th>Time (ms)</th><th>Included Groups</th><th>Excluded Groups</th></tr>
<tr><th colspan="7">DemoBlaze</th></tr>
<tr><td><a href="#t0">SignUp</a></td><td class="num">0</td><td class="num">0</td><td class="num attn">1</td><td class="num">21,371</td><td></td><td></td></tr>
<tr class="stripe"><td><a href="#t1">LogIn</a></td><td class="num">0</td><td class="num attn">1</td><td class="num">0</td><td class="num">36</td><td></td><td></td></tr>
<tr><td><a href="#t2">AddToCart</a></td><td class="num">0</td><td class="num attn">1</td><td class="num">0</td><td class="num">16</td><td></td><td></td></tr>
<tr class="stripe"><td><a href="#t3">VerifyCart</a></td><td class="num">0</td><td class="num attn">1</td><td class="num">0</td><td class="num">19</td><td></td><td></td></tr>
<tr><th>Total</th><th class="num">0</th><th class="num attn">3</th><th class="num attn">1</th><th class="num">21,442</th><th colspan="2"></th></tr>
</table>
<table id='summary'><thead><tr><th>Class</th><th>Method</th><th>Start</th><th>Time (ms)</th></tr></thead><tbody><tr><th colspan="4">DemoBlaze</th></tr></tbody><tbody id="t0"><tr><th colspan="4">SignUp &#8212; failed</th></tr><tr class="failedeven"><td rowspan="1">com.atmecs.demoblaze.SignUpTest</td><td><a href="#m0">demoBlazeSignUp</a></td><td rowspan="1">1600750065473</td><td rowspan="1">2639</td></tr></tbody>
<tbody id="t1"><tr><th colspan="4">LogIn &#8212; failed (configuration methods)</th></tr><tr class="failedeven"><td rowspan="1">com.atmecs.demoblaze.LogInTest</td><td><a href="#m1">beforeTest</a></td><td rowspan="1">1600750079386</td><td rowspan="1">17</td></tr><tr><th colspan="4">LogIn &#8212; skipped (configuration methods)</th></tr><tr class="skippedeven"><td rowspan="1">com.atmecs.demoblaze.LogInTest</td><td><a href="#m2">afterTest</a></td><td rowspan="1">1600750079416</td><td rowspan="1">0</td></tr><tr><th colspan="4">LogIn &#8212; skipped</th></tr><tr class="skippedeven"><td rowspan="1">com.atmecs.demoblaze.LogInTest</td><td><a href="#m3">demoBlazeLogIn</a></td><td rowspan="1">1600750079413</td><td rowspan="1">0</td></tr></tbody>
<tbody id="t2"><tr><th colspan="4">AddToCart &#8212; failed (configuration methods)</th></tr><tr class="failedeven"><td rowspan="1">com.atmecs.demoblaze.AddToCartTest</td><td><a href="#m4">beforeTest</a></td><td rowspan="1">1600750079438</td><td rowspan="1">1</td></tr><tr><th colspan="4">AddToCart &#8212; skipped (configuration methods)</th></tr><tr class="skippedeven"><td rowspan="1">com.atmecs.demoblaze.AddToCartTest</td><td><a href="#m5">afterTest</a></td><td rowspan="1">1600750079450</td><td rowspan="1">0</td></tr><tr><th colspan="4">AddToCart &#8212; skipped</th></tr><tr class="skippedeven"><td rowspan="1">com.atmecs.demoblaze.AddToCartTest</td><td><a href="#m6">demoBlazeAddToCart</a></td><td rowspan="1">1600750079448</td><td rowspan="1">0</td></tr></tbody>
<tbody id="t3"><tr><th colspan="4">VerifyCart &#8212; failed (configuration methods)</th></tr><tr class="failedeven"><td rowspan="1">com.atmecs.demoblaze.VerifyCartTest</td><td><a href="#m7">beforeTest</a></td><td rowspan="1">1600750079470</td><td rowspan="1">2</td></tr><tr><th colspan="4">VerifyCart &#8212; skipped (configuration methods)</th></tr><tr class="skippedeven"><td rowspan="1">com.atmecs.demoblaze.VerifyCartTest</td><td><a href="#m8">afterTest</a></td><td rowspan="1">1600750079485</td><td rowspan="1">0</td></tr><tr><th colspan="4">VerifyCart &#8212; skipped</th></tr><tr class="skippedeven"><td rowspan="1">com.atmecs.demoblaze.VerifyCartTest</td><td><a href="#m9">demoBlazeVerifyCart</a></td><td rowspan="1">1600750079481</td><td rowspan="1">0</td></tr></tbody>
</table>
<h2>SignUp</h2><h3 id="m0">com.atmecs.demoblaze.SignUpTest#demoBlazeSignUp</h3><table class="result"><tr><th>Exception</th></tr><tr><td><div class="stacktrace">org.openqa.selenium.InvalidSelectorException: invalid selector: An invalid or illegal selector was specified
  (Session info: chrome=85.0.4183.102)
For documentation on this error, please visit: https://www.seleniumhq.org/exceptions/invalid_selector_exception.html
Build info: version: &apos;3.141.59&apos;, revision: &apos;e82be7d358&apos;, time: &apos;2018-11-14T08:17:03&apos;
System info: host: &apos;ATMECSBLRLT-036&apos;, ip: &apos;192.168.43.99&apos;, os.name: &apos;Windows 10&apos;, os.arch: &apos;amd64&apos;, os.version: &apos;10.0&apos;, java.version: &apos;12.0.2&apos;
Driver info: org.openqa.selenium.chrome.ChromeDriver
Capabilities {acceptInsecureCerts: false, browserName: chrome, browserVersion: 85.0.4183.102, chrome: {chromedriverVersion: 85.0.4183.87 (cd6713ebf92fa..., userDataDir: C:\Users\PADMAP~1.I\AppData...}, goog:chromeOptions: {debuggerAddress: localhost:62391}, javascriptEnabled: true, networkConnectionEnabled: false, pageLoadStrategy: normal, platform: WINDOWS, platformName: WINDOWS, proxy: Proxy(), setWindowRect: true, strictFileInteractability: false, timeouts: {implicit: 0, pageLoad: 300000, script: 30000}, unhandledPromptBehavior: dismiss and notify, webauthn:virtualAuthenticators: true}
Session ID: 8b358aa9ba5724e6fe2c55b00c1951ef
*** Element info: {Using=name, value=//button[contains(text(),&apos;Sign up&apos;)]}
	at org.openqa.selenium.remote.http.W3CHttpResponseCodec.createException(W3CHttpResponseCodec.java:187)
	at org.openqa.selenium.remote.http.W3CHttpResponseCodec.decode(W3CHttpResponseCodec.java:122)
	at org.openqa.selenium.remote.http.W3CHttpResponseCodec.decode(W3CHttpResponseCodec.java:49)
	at org.openqa.selenium.remote.HttpCommandExecutor.execute(HttpCommandExecutor.java:158)
	at org.openqa.selenium.remote.service.DriverCommandExecutor.execute(DriverCommandExecutor.java:83)
	at org.openqa.selenium.remote.RemoteWebDriver.execute(RemoteWebDriver.java:552)
	at org.openqa.selenium.remote.RemoteWebDriver.findElement(RemoteWebDriver.java:323)
	at org.openqa.selenium.remote.RemoteWebDriver.findElementByName(RemoteWebDriver.java:404)
	at org.openqa.selenium.By$ByName.findElement(By.java:284)
	at org.openqa.selenium.remote.RemoteWebDriver.findElement(RemoteWebDriver.java:315)
	at com.atmecs.demoblaze.DemoBlazeHelperClass.button(DemoBlazeHelperClass.java:22)
	at com.atmecs.demoblaze.SignUpTest.demoBlazeSignUp(SignUpTest.java:55)
... Removed 30 stack frames</div></td></tr></table><p class="totop"><a href="#summary">back to summary</a></p>
<h2>LogIn</h2><h3 id="m1">com.atmecs.demoblaze.LogInTest#beforeTest</h3><table class="result"><tr><th>Exception</th></tr><tr><td><div class="stacktrace">java.io.FileNotFoundException: \lib\chromedriver.exe\src\main\resources\locators\locators.properties (The system cannot find the path specified)
	at java.base/java.io.FileInputStream.open0(Native Method)
	at java.base/java.io.FileInputStream.open(FileInputStream.java:213)
	at java.base/java.io.FileInputStream.&lt;init&gt;(FileInputStream.java:155)
	at java.base/java.io.FileInputStream.&lt;init&gt;(FileInputStream.java:110)
	at com.atmecs.demoblaze.LogInTest.beforeTest(LogInTest.java:22)
... Removed 24 stack frames</div></td></tr></table><p class="totop"><a href="#summary">back to summary</a></p>
<h3 id="m2">com.atmecs.demoblaze.LogInTest#afterTest</h3><table class="result"><tr><th class="invisible"/></tr></table><p class="totop"><a href="#summary">back to summary</a></p>
<h3 id="m3">com.atmecs.demoblaze.LogInTest#demoBlazeLogIn</h3><table class="result"><tr><th>Exception</th></tr><tr><td><div class="stacktrace">java.io.FileNotFoundException: \lib\chromedriver.exe\src\main\resources\locators\locators.properties (The system cannot find the path specified)
	at java.base/java.io.FileInputStream.open0(Native Method)
	at java.base/java.io.FileInputStream.open(FileInputStream.java:213)
	at java.base/java.io.FileInputStream.&lt;init&gt;(FileInputStream.java:155)
	at java.base/java.io.FileInputStream.&lt;init&gt;(FileInputStream.java:110)
	at com.atmecs.demoblaze.LogInTest.beforeTest(LogInTest.java:22)
... Removed 24 stack frames</div></td></tr></table><p class="totop"><a href="#summary">back to summary</a></p>
<h2>AddToCart</h2><h3 id="m4">com.atmecs.demoblaze.AddToCartTest#beforeTest</h3><table class="result"><tr><th>Exception</th></tr><tr><td><div class="stacktrace">java.io.FileNotFoundException: \lib\chromedriver.exe\src\main\resources\locators\locators.properties (The system cannot find the path specified)
	at java.base/java.io.FileInputStream.open0(Native Method)
	at java.base/java.io.FileInputStream.open(FileInputStream.java:213)
	at java.base/java.io.FileInputStream.&lt;init&gt;(FileInputStream.java:155)
	at java.base/java.io.FileInputStream.&lt;init&gt;(FileInputStream.java:110)
	at com.atmecs.demoblaze.AddToCartTest.beforeTest(AddToCartTest.java:24)
... Removed 24 stack frames</div></td></tr></table><p class="totop"><a href="#summary">back to summary</a></p>
<h3 id="m5">com.atmecs.demoblaze.AddToCartTest#afterTest</h3><table class="result"><tr><th class="invisible"/></tr></table><p class="totop"><a href="#summary">back to summary</a></p>
<h3 id="m6">com.atmecs.demoblaze.AddToCartTest#demoBlazeAddToCart</h3><table class="result"><tr><th>Exception</th></tr><tr><td><div class="stacktrace">java.io.FileNotFoundException: \lib\chromedriver.exe\src\main\resources\locators\locators.properties (The system cannot find the path specified)
	at java.base/java.io.FileInputStream.open0(Native Method)
	at java.base/java.io.FileInputStream.open(FileInputStream.java:213)
	at java.base/java.io.FileInputStream.&lt;init&gt;(FileInputStream.java:155)
	at java.base/java.io.FileInputStream.&lt;init&gt;(FileInputStream.java:110)
	at com.atmecs.demoblaze.AddToCartTest.beforeTest(AddToCartTest.java:24)
... Removed 24 stack frames</div></td></tr></table><p class="totop"><a href="#summary">back to summary</a></p>
<h2>VerifyCart</h2><h3 id="m7">com.atmecs.demoblaze.VerifyCartTest#beforeTest</h3><table class="result"><tr><th>Exception</th></tr><tr><td><div class="stacktrace">java.io.FileNotFoundException: \lib\chromedriver.exe\src\main\resources\locators\locators.properties (The system cannot find the path specified)
	at java.base/java.io.FileInputStream.open0(Native Method)
	at java.base/java.io.FileInputStream.open(FileInputStream.java:213)
	at java.base/java.io.FileInputStream.&lt;init&gt;(FileInputStream.java:155)
	at java.base/java.io.FileInputStream.&lt;init&gt;(FileInputStream.java:110)
	at com.atmecs.demoblaze.VerifyCartTest.beforeTest(VerifyCartTest.java:20)
... Removed 24 stack frames</div></td></tr></table><p class="totop"><a href="#summary">back to summary</a></p>
<h3 id="m8">com.atmecs.demoblaze.VerifyCartTest#afterTest</h3><table class="result"><tr><th class="invisible"/></tr></table><p class="totop"><a href="#summary">back to summary</a></p>
<h3 id="m9">com.atmecs.demoblaze.VerifyCartTest#demoBlazeVerifyCart</h3><table class="result"><tr><th>Exception</th></tr><tr><td><div class="stacktrace">java.io.FileNotFoundException: \lib\chromedriver.exe\src\main\resources\locators\locators.properties (The system cannot find the path specified)
	at java.base/java.io.FileInputStream.open0(Native Method)
	at java.base/java.io.FileInputStream.open(FileInputStream.java:213)
	at java.base/java.io.FileInputStream.&lt;init&gt;(FileInputStream.java:155)
	at java.base/java.io.FileInputStream.&lt;init&gt;(FileInputStream.java:110)
	at com.atmecs.demoblaze.VerifyCartTest.beforeTest(VerifyCartTest.java:20)
... Removed 24 stack frames</div></td></tr></table><p class="totop"><a href="#summary">back to summary</a></p>
</body>
</html>
