<?xml version="1.0" encoding="UTF-8"?>
<!-- Generated by org.testng.reporters.JUnitXMLReporter -->
<testsuite ignored="0" hostname="ATMECSBLRLT-036" failures="0" tests="2" name="IeTest" time="16.618" errors="0" timestamp="06 Oct 2020 12:56:41 GMT">
  <testcase classname="com.atmecs.chatbox.basefile.BaseTest" name="@BeforeMethod beforeTest" time="16.598">
    <failure type="java.lang.AssertionError" message="expected [PHPTRAVELS booking script and system for hotels airline flights tours cars online application - PHPTRAVELS] but found [WebDriver]">
      <![CDATA[java.lang.AssertionError: expected [PHPTRAVELS booking script and system for hotels airline flights tours cars online application - PHPTRAVELS] but found [WebDriver]
at com.atmecs.chatbox.basefile.BaseTest.beforeTest(BaseTest.java:57)
at java.base/java.util.concurrent.FutureTask.run(FutureTask.java:264)
at java.base/java.util.concurrent.ThreadPoolExecutor.runWorker(ThreadPoolExecutor.java:1128)
at java.base/java.util.concurrent.ThreadPoolExecutor$Worker.run(ThreadPoolExecutor.java:628)
at java.base/java.lang.Thread.run(Thread.java:835)
... Removed 25 stack frames]]>
    </failure>
  </testcase> <!-- @BeforeMethod beforeTest -->
  <testcase classname="com.atmecs.chatbox.basefile.BaseTest" name="@AfterMethod afterTest" time="0.0">
    <skipped/>
  </testcase> <!-- @AfterMethod afterTest -->
  <testcase classname="com.atmecs.chatbox.basefile.BaseTest" name="@BeforeMethod beforeTest" time="0.0">
    <skipped/>
  </testcase> <!-- @BeforeMethod beforeTest -->
  <testcase classname="com.atmecs.chatbox.basefile.BaseTest" name="@AfterMethod afterTest" time="0.0">
    <skipped/>
  </testcase> <!-- @AfterMethod afterTest -->
  <testcase classname="com.atmecs.exceldata.ExcelTest" name="ReadData" time="0.0">
    <skipped/>
  </testcase> <!-- ReadData -->
  <testcase classname="com.atmecs.exceldata.ExcelTest" name="ReadData" time="0.0">
    <skipped/>
  </testcase> <!-- ReadData -->
</testsuite> <!-- IeTest -->
