<?xml version="1.0" encoding="UTF-8"?>
<!-- Generated by org.testng.reporters.JUnitXMLReporter -->
<testsuite ignored="0" hostname="ATMECSBLRLT-036" failures="0" tests="5" name="Test" time="0.267" errors="0" timestamp="21 Sep 2020 08:56:45 GMT">
  <testcase classname="com.atmecs.demoblaze.AddToCartTest" name="@BeforeTest beforeTest" time="0.167">
    <failure type="java.lang.IllegalStateException" message="The path to the driver executable must be set by the webdriver.chrome.driver system property; for more information, see https://github.com/SeleniumHQ/selenium/wiki/ChromeDriver. The latest version can be downloaded from http://chromedriver.storage.googleapis.com/index.html">
      <![CDATA[java.lang.IllegalStateException: The path to the driver executable must be set by the webdriver.chrome.driver system property; for more information, see https://github.com/SeleniumHQ/selenium/wiki/ChromeDriver. The latest version can be downloaded from http://chromedriver.storage.googleapis.com/index.html
at com.google.common.base.Preconditions.checkState(Preconditions.java:847)
at org.openqa.selenium.remote.service.DriverService.findExecutable(DriverService.java:134)
at org.openqa.selenium.chrome.ChromeDriverService.access$000(ChromeDriverService.java:35)
at org.openqa.selenium.chrome.ChromeDriverService$Builder.findDefaultExecutable(ChromeDriverService.java:159)
at org.openqa.selenium.remote.service.DriverService$Builder.build(DriverService.java:355)
at org.openqa.selenium.chrome.ChromeDriverService.createDefaultService(ChromeDriverService.java:94)
at org.openqa.selenium.chrome.ChromeDriver.<init>(ChromeDriver.java:123)
at com.atmecs.demoblaze.AddToCartTest.beforeTest(AddToCartTest.java:22)
... Removed 24 stack frames]]>
    </failure>
  </testcase> <!-- @BeforeTest beforeTest -->
  <testcase classname="com.atmecs.demoblaze.ContactUsTest" name="@BeforeTest beforeTest" time="0.0">
    <skipped/>
  </testcase> <!-- @BeforeTest beforeTest -->
  <testcase classname="com.atmecs.demoblaze.LogInTest" name="@BeforeTest beforeTest" time="0.0">
    <skipped/>
  </testcase> <!-- @BeforeTest beforeTest -->
  <testcase classname="com.atmecs.demoblaze.SignUpTest" name="@BeforeTest beforeTest" time="0.0">
    <skipped/>
  </testcase> <!-- @BeforeTest beforeTest -->
  <testcase classname="com.atmecs.demoblaze.VerifyCartTest" name="@BeforeTest beforeTest" time="0.0">
    <skipped/>
  </testcase> <!-- @BeforeTest beforeTest -->
  <testcase classname="com.atmecs.demoblaze.AddToCartTest" name="@AfterTest afterTest" time="0.0">
    <skipped/>
  </testcase> <!-- @AfterTest afterTest -->
  <testcase classname="com.atmecs.demoblaze.ContactUsTest" name="@AfterTest afterTest" time="0.0">
    <skipped/>
  </testcase> <!-- @AfterTest afterTest -->
  <testcase classname="com.atmecs.demoblaze.LogInTest" name="@AfterTest afterTest" time="0.0">
    <skipped/>
  </testcase> <!-- @AfterTest afterTest -->
  <testcase classname="com.atmecs.demoblaze.SignUpTest" name="@AfterTest afterTest" time="0.0">
    <skipped/>
  </testcase> <!-- @AfterTest afterTest -->
  <testcase classname="com.atmecs.demoblaze.VerifyCartTest" name="@AfterTest afterTest" time="0.0">
    <skipped/>
  </testcase> <!-- @AfterTest afterTest -->
  <testcase classname="com.atmecs.demoblaze.AddToCartTest" name="demoBlazeAddToCart" time="0.0">
    <skipped/>
  </testcase> <!-- demoBlazeAddToCart -->
  <testcase classname="com.atmecs.demoblaze.SignUpTest" name="demoBlazeSignUp" time="0.0">
    <skipped/>
  </testcase> <!-- demoBlazeSignUp -->
  <testcase classname="com.atmecs.demoblaze.LogInTest" name="demoBlazeLogIn" time="0.0">
    <skipped/>
  </testcase> <!-- demoBlazeLogIn -->
  <testcase classname="com.atmecs.demoblaze.VerifyCartTest" name="demoBlazeVerifyCart" time="0.0">
    <skipped/>
  </testcase> <!-- demoBlazeVerifyCart -->
  <testcase classname="com.atmecs.demoblaze.ContactUsTest" name="demoBlazeContact" time="0.0">
    <skipped/>
  </testcase> <!-- demoBlazeContact -->
</testsuite> <!-- Test -->
